This is pdfTeX, Version 3.14159265-2.6-1.40.18 (TeX Live 2017) (preloaded format=pdflatex 2017.7.28)  9 JAN 2018 18:50
entering extended mode
 restricted \write18 enabled.
 %&-line parsing enabled.
**main.tex
(./main.tex
LaTeX2e <2017-04-15>
Babel <3.12> and hyphenation patterns for 84 language(s) loaded.
(./res.cls
Document Style `res' <26 Sep 89>.
Document Class: res 2000/05/19 v1.4b Resume class
(/math/software/pkg/texlive/texlive-2017/texmf-dist/tex/latex/base/article.cls
Document Class: article 2014/09/29 v1.4h Standard LaTeX document class
(/math/software/pkg/texlive/texlive-2017/texmf-dist/tex/latex/base/size10.clo
File: size10.clo 2014/09/29 v1.4h Standard LaTeX file (size option)
)
\c@part=\count79
\c@section=\count80
\c@subsection=\count81
\c@subsubsection=\count82
\c@paragraph=\count83
\c@subparagraph=\count84
\c@figure=\count85
\c@table=\count86
\abovecaptionskip=\skip41
\belowcaptionskip=\skip42
\bibindent=\dimen102
)
No auxiliary output files.

\tabular@text=\toks14
\tabular@head=\toks15
\tabular@tail=\toks16
\@ta=\toks17
\undefined@token=\toks18
\sectionwidth=\dimen103
\sectionskip=\skip43
\resumewidth=\dimen104
\@columnwidth=\dimen105
\c@numberofcolumns=\count87
)
(/math/software/pkg/texlive/texlive-2017/texmf-dist/tex/latex/amsfonts/amsfonts
.sty
Package: amsfonts 2013/01/14 v3.01 Basic AMSFonts support
\@emptytoks=\toks19
\symAMSa=\mathgroup4
\symAMSb=\mathgroup5
LaTeX Font Info:    Overwriting math alphabet `\mathfrak' in version `bold'
(Font)                  U/euf/m/n --> U/euf/b/n on input line 106.
)
No file main.aux.
LaTeX Font Info:    Checking defaults for OML/cmm/m/it on input line 28.
LaTeX Font Info:    ... okay on input line 28.
LaTeX Font Info:    Checking defaults for T1/cmr/m/n on input line 28.
LaTeX Font Info:    ... okay on input line 28.
LaTeX Font Info:    Checking defaults for OT1/cmr/m/n on input line 28.
LaTeX Font Info:    ... okay on input line 28.
LaTeX Font Info:    Checking defaults for OMS/cmsy/m/n on input line 28.
LaTeX Font Info:    ... okay on input line 28.
LaTeX Font Info:    Checking defaults for OMX/cmex/m/n on input line 28.
LaTeX Font Info:    ... okay on input line 28.
LaTeX Font Info:    Checking defaults for U/cmr/m/n on input line 28.
LaTeX Font Info:    ... okay on input line 28.
LaTeX Font Info:    Try loading font information for U+msa on input line 35.
(/math/software/pkg/texlive/texlive-2017/texmf-dist/tex/latex/amsfonts/umsa.fd
File: umsa.fd 2013/01/14 v3.01 AMS symbols A
)
LaTeX Font Info:    Try loading font information for U+msb on input line 35.
(/math/software/pkg/texlive/texlive-2017/texmf-dist/tex/latex/amsfonts/umsb.fd
File: umsb.fd 2013/01/14 v3.01 AMS symbols B
)
Underfull \hbox (badness 10000) in paragraph at lines 99--102

 []


Underfull \hbox (badness 10000) in paragraph at lines 120--123

 []


Underfull \hbox (badness 10000) in paragraph at lines 127--130

 []

[1

{/math/software/pkg/texlive/texlive-2017/texmf-var/fonts/map/pdftex/updmap/pdft
ex.map}] [2] ) 
Here is how much of TeX's memory you used:
 382 strings out of 492990
 4527 string characters out of 6125181
 61727 words of memory out of 5000000
 4004 multiletter control sequences out of 15000+600000
 6899 words of font info for 27 fonts, out of 8000000 for 9000
 1141 hyphenation exceptions out of 8191
 29i,9n,24p,233b,198s stack positions out of 5000i,500n,10000p,200000b,80000s
</math/software/pkg/texlive/texlive-2017/texmf-dist/fonts/type1/p
ublic/amsfonts/cm/cmbx10.pfb></math/software/pkg/texlive/texlive-2017/texmf-dis
t/fonts/type1/public/amsfonts/cm/cmbx12.pfb></math/software/pkg/texlive/texlive
-2017/texmf-dist/fonts/type1/public/amsfonts/cm/cmcsc10.pfb></math/software/pkg
/texlive/texlive-2017/texmf-dist/fonts/type1/public/amsfonts/cm/cmmi10.pfb></ma
th/software/pkg/texlive/texlive-2017/texmf-dist/fonts/type1/public/amsfonts/cm/
cmr10.pfb></math/software/pkg/texlive/texlive-2017/texmf-dist/fonts/type1/publi
c/amsfonts/cm/cmsy10.pfb></math/software/pkg/texlive/texlive-2017/texmf-dist/fo
nts/type1/public/amsfonts/cm/cmti10.pfb>
Output written on main.pdf (2 pages, 98858 bytes).
PDF statistics:
 39 PDF objects out of 1000 (max. 8388607)
 27 compressed objects within 1 object stream
 0 named destinations out of 1000 (max. 500000)
 1 words of extra memory for PDF output out of 10000 (max. 10000000)

